<?xml version="1.0" encoding="UTF-8"?>
<testng-results ignored="0" total="2" passed="2" failed="0" skipped="0">
  <reporter-output>
  </reporter-output>
  <suite started-at="2020-04-06T09:42:34Z" name="Suite" finished-at="2020-04-06T09:44:16Z" duration-ms="101556">
    <groups>
    </groups>
    <test started-at="2020-04-06T09:42:34Z" name="Test" finished-at="2020-04-06T09:44:16Z" duration-ms="101556">
      <class name="com.qa.testCases.TC_AddNewCustomerTest_002">
        <test-method is-config="true" signature="Setup(java.lang.String)[pri:0, instance:com.qa.testCases.TC_AddNewCustomerTest_002@3315d2d7]" started-at="2020-04-06T09:42:35Z" name="Setup" finished-at="2020-04-06T09:42:59Z" duration-ms="24745" status="PASS">
          <params>
            <param index="0">
              <value>
                <![CDATA[chrome]]>
              </value>
            </param>
          </params>
          <reporter-output>
          </reporter-output>
        </test-method> <!-- Setup -->
        <test-method signature="AddNewCustomerTest()[pri:0, instance:com.qa.testCases.TC_AddNewCustomerTest_002@3315d2d7]" started-at="2020-04-06T09:42:59Z" name="AddNewCustomerTest" finished-at="2020-04-06T09:43:44Z" duration-ms="44300" status="PASS">
          <reporter-output>
          </reporter-output>
        </test-method> <!-- AddNewCustomerTest -->
        <test-method is-config="true" signature="tearDown()[pri:0, instance:com.qa.testCases.TC_AddNewCustomerTest_002@3315d2d7]" started-at="2020-04-06T09:43:44Z" name="tearDown" finished-at="2020-04-06T09:43:44Z" duration-ms="0" status="PASS">
          <reporter-output>
          </reporter-output>
        </test-method> <!-- tearDown -->
      </class> <!-- com.qa.testCases.TC_AddNewCustomerTest_002 -->
      <class name="com.qa.testCases.EditCustomerTest_003">
        <test-method is-config="true" signature="Setup(java.lang.String)[pri:0, instance:com.qa.testCases.EditCustomerTest_003@d6e7bab]" started-at="2020-04-06T09:43:44Z" name="Setup" finished-at="2020-04-06T09:44:00Z" duration-ms="16055" status="PASS">
          <params>
            <param index="0">
              <value>
                <![CDATA[chrome]]>
              </value>
            </param>
          </params>
          <reporter-output>
          </reporter-output>
        </test-method> <!-- Setup -->
        <test-method signature="editCustomerDetailsTest()[pri:0, instance:com.qa.testCases.EditCustomerTest_003@d6e7bab]" started-at="2020-04-06T09:44:00Z" name="editCustomerDetailsTest" finished-at="2020-04-06T09:44:16Z" duration-ms="16159" status="PASS">
          <reporter-output>
          </reporter-output>
        </test-method> <!-- editCustomerDetailsTest -->
        <test-method is-config="true" signature="tearDown()[pri:0, instance:com.qa.testCases.EditCustomerTest_003@d6e7bab]" started-at="2020-04-06T09:44:16Z" name="tearDown" finished-at="2020-04-06T09:44:16Z" duration-ms="1" status="PASS">
          <reporter-output>
          </reporter-output>
        </test-method> <!-- tearDown -->
      </class> <!-- com.qa.testCases.EditCustomerTest_003 -->
    </test> <!-- Test -->
  </suite> <!-- Suite -->
</testng-results>
