<?xml version="1.0" encoding="UTF-8"?>
<testng-results ignored="0" total="1" passed="1" failed="0" skipped="0">
  <reporter-output>
  </reporter-output>
  <suite started-at="2020-04-03T11:02:42 IST" name="Suite" finished-at="2020-04-03T11:03:14 IST" duration-ms="32536">
    <groups>
    </groups>
    <test started-at="2020-04-03T11:02:42 IST" name="Test" finished-at="2020-04-03T11:03:14 IST" duration-ms="32536">
      <class name="com.qa.testCases.TC_AddNewCustomerTest_002">
        <test-method is-config="true" signature="Setup(java.lang.String)[pri:0, instance:com.qa.testCases.TC_AddNewCustomerTest_002@419c5f1a]" started-at="2020-04-03T11:02:42 IST" name="Setup" finished-at="2020-04-03T11:02:58 IST" duration-ms="16306" status="PASS">
          <params>
            <param index="0">
              <value>
                <![CDATA[chrome]]>
              </value>
            </param>
          </params>
          <reporter-output>
          </reporter-output>
        </test-method> <!-- Setup -->
        <test-method signature="AddNewCustomerTest()[pri:0, instance:com.qa.testCases.TC_AddNewCustomerTest_002@419c5f1a]" started-at="2020-04-03T11:02:58 IST" name="AddNewCustomerTest" finished-at="2020-04-03T11:03:14 IST" duration-ms="15957" status="PASS">
          <reporter-output>
          </reporter-output>
        </test-method> <!-- AddNewCustomerTest -->
        <test-method is-config="true" signature="tearDown()[pri:0, instance:com.qa.testCases.TC_AddNewCustomerTest_002@419c5f1a]" started-at="2020-04-03T11:03:14 IST" name="tearDown" finished-at="2020-04-03T11:03:14 IST" duration-ms="0" status="PASS">
          <reporter-output>
          </reporter-output>
        </test-method> <!-- tearDown -->
      </class> <!-- com.qa.testCases.TC_AddNewCustomerTest_002 -->
    </test> <!-- Test -->
  </suite> <!-- Suite -->
</testng-results>
